<?xml version="1.0" encoding="UTF-8"?>
<!-- Generated by org.testng.reporters.JUnitReportReporter -->
<testsuite hostname="LAPTOP-2B3VV4RM" name="com.acti.Testcases.TestValidateLoginFromExcel" tests="4" failures="0" timestamp="5 Sep 2018 18:54:26 GMT" time="41.312" errors="0">
  <testcase name="testLoginFunctioanlity" time="9.789" classname="com.acti.Testcases.TestValidateLoginFromExcel"/>
  <testcase name="testLoginFunctioanlity" time="10.403" classname="com.acti.Testcases.TestValidateLoginFromExcel"/>
  <testcase name="testLoginFunctioanlity" time="11.029" classname="com.acti.Testcases.TestValidateLoginFromExcel"/>
  <testcase name="testLoginFunctioanlity" time="10.091" classname="com.acti.Testcases.TestValidateLoginFromExcel"/>
</testsuite> <!-- com.acti.Testcases.TestValidateLoginFromExcel -->
