<?xml version="1.0" encoding="UTF-8"?>
<!-- Generated by org.testng.reporters.JUnitReportReporter -->
<testsuite hostname="LAPTOP-2B3VV4RM" name="com.acti.Testcases.TestValidateLogin2" tests="1" failures="0" timestamp="5 Sep 2018 18:54:26 GMT" time="11.319" errors="0">
  <testcase name="testloginfuntionality" time="11.319" classname="com.acti.Testcases.TestValidateLogin2"/>
</testsuite> <!-- com.acti.Testcases.TestValidateLogin2 -->
