<?xml version="1.0" encoding="UTF-8"?>
<!-- Generated by org.testng.reporters.JUnitReportReporter -->
<testsuite hostname="LAPTOP-2B3VV4RM" name="com.acti.Testcases.TC01HP" tests="1" failures="0" timestamp="2 Sep 2018 21:12:35 GMT" time="9.504" errors="0">
  <testcase name="testHomePage" time="9.504" classname="com.acti.Testcases.TC01HP"/>
</testsuite> <!-- com.acti.Testcases.TC01HP -->
