<?xml version="1.0" encoding="UTF-8"?>
<!-- Generated by org.testng.reporters.JUnitReportReporter -->
<testsuite hostname="LAPTOP-2B3VV4RM" name="com.acti.Testcases.TestValidateLogin" tests="1" failures="0" timestamp="5 Sep 2018 18:54:26 GMT" time="8.789" errors="0">
  <testcase name="testloginfuntionality" time="8.789" classname="com.acti.Testcases.TestValidateLogin"/>
</testsuite> <!-- com.acti.Testcases.TestValidateLogin -->
